14-Jul-2022 00:01:36.317 情報 [main] org.apache.catalina.core.StandardServer.await 有効なシャットダウンコマンドがシャットダウンポート経由で受信されました。 サーバーインスタンスを停止します。
14-Jul-2022 00:01:36.317 情報 [main] org.apache.coyote.AbstractProtocol.pause ProtocolHandler ["http-nio-8080"] を一時停止します。
14-Jul-2022 00:01:36.332 情報 [main] org.apache.catalina.core.StandardService.stopInternal サービス [Catalina] を停止します
14-Jul-2022 00:01:36.341 情報 [main] org.apache.coyote.AbstractProtocol.stop ProtocolHandler ["http-nio-8080"]の停止中
14-Jul-2022 00:01:36.345 情報 [main] org.apache.coyote.AbstractProtocol.destroy ProtocolHandler ["http-nio-8080"] を破棄します。
14-Jul-2022 00:03:24.781 情報 [main] org.apache.catalina.startup.VersionLoggerListener.log Serverのバージョン名:     Apache Tomcat/10.0.22
14-Jul-2022 00:03:24.783 情報 [main] org.apache.catalina.startup.VersionLoggerListener.log Server ビルド:            Jun 2 2022 16:53:56 UTC
14-Jul-2022 00:03:24.783 情報 [main] org.apache.catalina.startup.VersionLoggerListener.log サーバーのバージョン番号: 10.0.22.0
14-Jul-2022 00:03:24.783 情報 [main] org.apache.catalina.startup.VersionLoggerListener.log OS 名:                    Mac OS X
14-Jul-2022 00:03:24.783 情報 [main] org.apache.catalina.startup.VersionLoggerListener.log OS バージョン:            12.4
14-Jul-2022 00:03:24.783 情報 [main] org.apache.catalina.startup.VersionLoggerListener.log アーキテクチャ:           aarch64
14-Jul-2022 00:03:24.783 情報 [main] org.apache.catalina.startup.VersionLoggerListener.log Java Home:                /Library/Java/JavaVirtualMachines/temurin-18.jdk/Contents/Home
14-Jul-2022 00:03:24.783 情報 [main] org.apache.catalina.startup.VersionLoggerListener.log JVM バージョン:           18.0.1+10
14-Jul-2022 00:03:24.783 情報 [main] org.apache.catalina.startup.VersionLoggerListener.log JVM ベンダ:               Eclipse Adoptium
14-Jul-2022 00:03:24.783 情報 [main] org.apache.catalina.startup.VersionLoggerListener.log CATALINA_BASE:            /Users/kentaro.amenomori/Documents/training/java/webapp/workspace/tomcat
14-Jul-2022 00:03:24.783 情報 [main] org.apache.catalina.startup.VersionLoggerListener.log CATALINA_HOME:            /Users/kentaro.amenomori/Documents/training/java/webapp/workspace/tomcat
14-Jul-2022 00:03:24.789 情報 [main] org.apache.catalina.startup.VersionLoggerListener.log コマンドライン引数:       --add-opens=java.base/java.lang=ALL-UNNAMED
14-Jul-2022 00:03:24.789 情報 [main] org.apache.catalina.startup.VersionLoggerListener.log コマンドライン引数:       --add-opens=java.base/java.io=ALL-UNNAMED
14-Jul-2022 00:03:24.789 情報 [main] org.apache.catalina.startup.VersionLoggerListener.log コマンドライン引数:       --add-opens=java.base/java.util=ALL-UNNAMED
14-Jul-2022 00:03:24.789 情報 [main] org.apache.catalina.startup.VersionLoggerListener.log コマンドライン引数:       --add-opens=java.base/java.util.concurrent=ALL-UNNAMED
14-Jul-2022 00:03:24.789 情報 [main] org.apache.catalina.startup.VersionLoggerListener.log コマンドライン引数:       --add-opens=java.rmi/sun.rmi.transport=ALL-UNNAMED
14-Jul-2022 00:03:24.789 情報 [main] org.apache.catalina.startup.VersionLoggerListener.log コマンドライン引数:       -Djava.util.logging.config.file=/Users/kentaro.amenomori/Documents/training/java/webapp/workspace/tomcat/conf/logging.properties
14-Jul-2022 00:03:24.789 情報 [main] org.apache.catalina.startup.VersionLoggerListener.log コマンドライン引数:       -Djava.util.logging.manager=org.apache.juli.ClassLoaderLogManager
14-Jul-2022 00:03:24.790 情報 [main] org.apache.catalina.startup.VersionLoggerListener.log コマンドライン引数:       -Djdk.tls.ephemeralDHKeySize=2048
14-Jul-2022 00:03:24.790 情報 [main] org.apache.catalina.startup.VersionLoggerListener.log コマンドライン引数:       -Djava.protocol.handler.pkgs=org.apache.catalina.webresources
14-Jul-2022 00:03:24.790 情報 [main] org.apache.catalina.startup.VersionLoggerListener.log コマンドライン引数:       -Dorg.apache.catalina.security.SecurityListener.UMASK=0027
14-Jul-2022 00:03:24.790 情報 [main] org.apache.catalina.startup.VersionLoggerListener.log コマンドライン引数:       -Dignore.endorsed.dirs=
14-Jul-2022 00:03:24.790 情報 [main] org.apache.catalina.startup.VersionLoggerListener.log コマンドライン引数:       -Dcatalina.base=/Users/kentaro.amenomori/Documents/training/java/webapp/workspace/tomcat
14-Jul-2022 00:03:24.790 情報 [main] org.apache.catalina.startup.VersionLoggerListener.log コマンドライン引数:       -Dcatalina.home=/Users/kentaro.amenomori/Documents/training/java/webapp/workspace/tomcat
14-Jul-2022 00:03:24.790 情報 [main] org.apache.catalina.startup.VersionLoggerListener.log コマンドライン引数:       -Djava.io.tmpdir=/Users/kentaro.amenomori/Documents/training/java/webapp/workspace/tomcat/temp
14-Jul-2022 00:03:24.797 情報 [main] org.apache.catalina.core.AprLifecycleListener.lifecycleEvent 商用環境に最適な性能を発揮する APR ベースの Tomcat ネイティブライブラリが java.library.path [/Users/kentaro.amenomori/Library/Java/Extensions:/Library/Java/Extensions:/Network/Library/Java/Extensions:/System/Library/Java/Extensions:/usr/lib/java:.] に存在しません。
14-Jul-2022 00:03:24.932 情報 [main] org.apache.coyote.AbstractProtocol.init プロトコルハンドラ ["http-nio-8080"] を初期化します。
14-Jul-2022 00:03:24.945 情報 [main] org.apache.catalina.startup.Catalina.load サーバーの初期化 [244]ms
14-Jul-2022 00:03:24.959 情報 [main] org.apache.catalina.core.StandardService.startInternal サービス [Catalina] を起動します
14-Jul-2022 00:03:24.959 情報 [main] org.apache.catalina.core.StandardEngine.startInternal サーブレットエンジンの起動：[Apache Tomcat/10.0.22]
14-Jul-2022 00:03:24.963 情報 [main] org.apache.catalina.startup.HostConfig.deployDirectory Webアプリケーションディレクトリ [/Users/kentaro.amenomori/Documents/training/java/webapp/workspace/tomcat/webapps/docs] を配備します
14-Jul-2022 00:03:25.070 情報 [main] org.apache.catalina.startup.HostConfig.deployDirectory ディレクトリ [/Users/kentaro.amenomori/Documents/training/java/webapp/workspace/tomcat/webapps/docs] の Web アプリケーションの配備は [106] ms で完了しました。
14-Jul-2022 00:03:25.070 情報 [main] org.apache.catalina.startup.HostConfig.deployDirectory Webアプリケーションディレクトリ [/Users/kentaro.amenomori/Documents/training/java/webapp/workspace/tomcat/webapps/manager] を配備します
14-Jul-2022 00:03:25.090 情報 [main] org.apache.catalina.startup.HostConfig.deployDirectory ディレクトリ [/Users/kentaro.amenomori/Documents/training/java/webapp/workspace/tomcat/webapps/manager] の Web アプリケーションの配備は [20] ms で完了しました。
14-Jul-2022 00:03:25.090 情報 [main] org.apache.catalina.startup.HostConfig.deployDirectory Webアプリケーションディレクトリ [/Users/kentaro.amenomori/Documents/training/java/webapp/workspace/tomcat/webapps/examples] を配備します
14-Jul-2022 00:03:25.204 情報 [main] org.apache.catalina.startup.HostConfig.deployDirectory ディレクトリ [/Users/kentaro.amenomori/Documents/training/java/webapp/workspace/tomcat/webapps/examples] の Web アプリケーションの配備は [114] ms で完了しました。
14-Jul-2022 00:03:25.204 情報 [main] org.apache.catalina.startup.HostConfig.deployDirectory Webアプリケーションディレクトリ [/Users/kentaro.amenomori/Documents/training/java/webapp/workspace/tomcat/webapps/book] を配備します
14-Jul-2022 00:03:25.215 情報 [main] org.apache.catalina.startup.HostConfig.deployDirectory ディレクトリ [/Users/kentaro.amenomori/Documents/training/java/webapp/workspace/tomcat/webapps/book] の Web アプリケーションの配備は [11] ms で完了しました。
14-Jul-2022 00:03:25.215 情報 [main] org.apache.catalina.startup.HostConfig.deployDirectory Webアプリケーションディレクトリ [/Users/kentaro.amenomori/Documents/training/java/webapp/workspace/tomcat/webapps/ROOT] を配備します
14-Jul-2022 00:03:25.223 情報 [main] org.apache.catalina.startup.HostConfig.deployDirectory ディレクトリ [/Users/kentaro.amenomori/Documents/training/java/webapp/workspace/tomcat/webapps/ROOT] の Web アプリケーションの配備は [8] ms で完了しました。
14-Jul-2022 00:03:25.223 情報 [main] org.apache.catalina.startup.HostConfig.deployDirectory Webアプリケーションディレクトリ [/Users/kentaro.amenomori/Documents/training/java/webapp/workspace/tomcat/webapps/host-manager] を配備します
14-Jul-2022 00:03:25.232 情報 [main] org.apache.catalina.startup.HostConfig.deployDirectory ディレクトリ [/Users/kentaro.amenomori/Documents/training/java/webapp/workspace/tomcat/webapps/host-manager] の Web アプリケーションの配備は [9] ms で完了しました。
14-Jul-2022 00:03:25.233 情報 [main] org.apache.coyote.AbstractProtocol.start プロトコルハンドラー ["http-nio-8080"] を開始しました。
14-Jul-2022 00:03:25.238 情報 [main] org.apache.catalina.startup.Catalina.start サーバーの起動 [292]ms
14-Jul-2022 00:03:31.663 情報 [main] org.apache.catalina.core.StandardServer.await 有効なシャットダウンコマンドがシャットダウンポート経由で受信されました。 サーバーインスタンスを停止します。
14-Jul-2022 00:03:31.664 情報 [main] org.apache.coyote.AbstractProtocol.pause ProtocolHandler ["http-nio-8080"] を一時停止します。
14-Jul-2022 00:03:32.679 情報 [main] org.apache.catalina.core.StandardService.stopInternal サービス [Catalina] を停止します
14-Jul-2022 00:03:32.700 情報 [main] org.apache.coyote.AbstractProtocol.stop ProtocolHandler ["http-nio-8080"]の停止中
14-Jul-2022 00:03:32.712 情報 [main] org.apache.coyote.AbstractProtocol.destroy ProtocolHandler ["http-nio-8080"] を破棄します。
14-Jul-2022 00:20:41.917 情報 [main] org.apache.catalina.startup.VersionLoggerListener.log Serverのバージョン名:     Apache Tomcat/10.0.22
14-Jul-2022 00:20:41.919 情報 [main] org.apache.catalina.startup.VersionLoggerListener.log Server ビルド:            Jun 2 2022 16:53:56 UTC
14-Jul-2022 00:20:41.919 情報 [main] org.apache.catalina.startup.VersionLoggerListener.log サーバーのバージョン番号: 10.0.22.0
14-Jul-2022 00:20:41.919 情報 [main] org.apache.catalina.startup.VersionLoggerListener.log OS 名:                    Mac OS X
14-Jul-2022 00:20:41.919 情報 [main] org.apache.catalina.startup.VersionLoggerListener.log OS バージョン:            12.4
14-Jul-2022 00:20:41.920 情報 [main] org.apache.catalina.startup.VersionLoggerListener.log アーキテクチャ:           aarch64
14-Jul-2022 00:20:41.920 情報 [main] org.apache.catalina.startup.VersionLoggerListener.log Java Home:                /Library/Java/JavaVirtualMachines/temurin-18.jdk/Contents/Home
14-Jul-2022 00:20:41.920 情報 [main] org.apache.catalina.startup.VersionLoggerListener.log JVM バージョン:           18.0.1+10
14-Jul-2022 00:20:41.920 情報 [main] org.apache.catalina.startup.VersionLoggerListener.log JVM ベンダ:               Eclipse Adoptium
14-Jul-2022 00:20:41.920 情報 [main] org.apache.catalina.startup.VersionLoggerListener.log CATALINA_BASE:            /Users/kentaro.amenomori/Documents/training/java/webapp/workspace/tomcat
14-Jul-2022 00:20:41.920 情報 [main] org.apache.catalina.startup.VersionLoggerListener.log CATALINA_HOME:            /Users/kentaro.amenomori/Documents/training/java/webapp/workspace/tomcat
14-Jul-2022 00:20:41.929 情報 [main] org.apache.catalina.startup.VersionLoggerListener.log コマンドライン引数:       --add-opens=java.base/java.lang=ALL-UNNAMED
14-Jul-2022 00:20:41.929 情報 [main] org.apache.catalina.startup.VersionLoggerListener.log コマンドライン引数:       --add-opens=java.base/java.io=ALL-UNNAMED
14-Jul-2022 00:20:41.929 情報 [main] org.apache.catalina.startup.VersionLoggerListener.log コマンドライン引数:       --add-opens=java.base/java.util=ALL-UNNAMED
14-Jul-2022 00:20:41.929 情報 [main] org.apache.catalina.startup.VersionLoggerListener.log コマンドライン引数:       --add-opens=java.base/java.util.concurrent=ALL-UNNAMED
14-Jul-2022 00:20:41.929 情報 [main] org.apache.catalina.startup.VersionLoggerListener.log コマンドライン引数:       --add-opens=java.rmi/sun.rmi.transport=ALL-UNNAMED
14-Jul-2022 00:20:41.929 情報 [main] org.apache.catalina.startup.VersionLoggerListener.log コマンドライン引数:       -Djava.util.logging.config.file=/Users/kentaro.amenomori/Documents/training/java/webapp/workspace/tomcat/conf/logging.properties
14-Jul-2022 00:20:41.929 情報 [main] org.apache.catalina.startup.VersionLoggerListener.log コマンドライン引数:       -Djava.util.logging.manager=org.apache.juli.ClassLoaderLogManager
14-Jul-2022 00:20:41.930 情報 [main] org.apache.catalina.startup.VersionLoggerListener.log コマンドライン引数:       -Djdk.tls.ephemeralDHKeySize=2048
14-Jul-2022 00:20:41.930 情報 [main] org.apache.catalina.startup.VersionLoggerListener.log コマンドライン引数:       -Djava.protocol.handler.pkgs=org.apache.catalina.webresources
14-Jul-2022 00:20:41.930 情報 [main] org.apache.catalina.startup.VersionLoggerListener.log コマンドライン引数:       -Dorg.apache.catalina.security.SecurityListener.UMASK=0027
14-Jul-2022 00:20:41.930 情報 [main] org.apache.catalina.startup.VersionLoggerListener.log コマンドライン引数:       -Dignore.endorsed.dirs=
14-Jul-2022 00:20:41.930 情報 [main] org.apache.catalina.startup.VersionLoggerListener.log コマンドライン引数:       -Dcatalina.base=/Users/kentaro.amenomori/Documents/training/java/webapp/workspace/tomcat
14-Jul-2022 00:20:41.930 情報 [main] org.apache.catalina.startup.VersionLoggerListener.log コマンドライン引数:       -Dcatalina.home=/Users/kentaro.amenomori/Documents/training/java/webapp/workspace/tomcat
14-Jul-2022 00:20:41.930 情報 [main] org.apache.catalina.startup.VersionLoggerListener.log コマンドライン引数:       -Djava.io.tmpdir=/Users/kentaro.amenomori/Documents/training/java/webapp/workspace/tomcat/temp
14-Jul-2022 00:20:41.936 情報 [main] org.apache.catalina.core.AprLifecycleListener.lifecycleEvent 商用環境に最適な性能を発揮する APR ベースの Tomcat ネイティブライブラリが java.library.path [/Users/kentaro.amenomori/Library/Java/Extensions:/Library/Java/Extensions:/Network/Library/Java/Extensions:/System/Library/Java/Extensions:/usr/lib/java:.] に存在しません。
14-Jul-2022 00:20:42.084 情報 [main] org.apache.coyote.AbstractProtocol.init プロトコルハンドラ ["http-nio-8080"] を初期化します。
14-Jul-2022 00:20:42.098 情報 [main] org.apache.catalina.startup.Catalina.load サーバーの初期化 [284]ms
14-Jul-2022 00:20:42.117 情報 [main] org.apache.catalina.core.StandardService.startInternal サービス [Catalina] を起動します
14-Jul-2022 00:20:42.117 情報 [main] org.apache.catalina.core.StandardEngine.startInternal サーブレットエンジンの起動：[Apache Tomcat/10.0.22]
14-Jul-2022 00:20:42.121 情報 [main] org.apache.catalina.startup.HostConfig.deployDirectory Webアプリケーションディレクトリ [/Users/kentaro.amenomori/Documents/training/java/webapp/workspace/tomcat/webapps/docs] を配備します
14-Jul-2022 00:20:42.247 情報 [main] org.apache.catalina.startup.HostConfig.deployDirectory ディレクトリ [/Users/kentaro.amenomori/Documents/training/java/webapp/workspace/tomcat/webapps/docs] の Web アプリケーションの配備は [124] ms で完了しました。
14-Jul-2022 00:20:42.247 情報 [main] org.apache.catalina.startup.HostConfig.deployDirectory Webアプリケーションディレクトリ [/Users/kentaro.amenomori/Documents/training/java/webapp/workspace/tomcat/webapps/manager] を配備します
14-Jul-2022 00:20:42.268 情報 [main] org.apache.catalina.startup.HostConfig.deployDirectory ディレクトリ [/Users/kentaro.amenomori/Documents/training/java/webapp/workspace/tomcat/webapps/manager] の Web アプリケーションの配備は [20] ms で完了しました。
14-Jul-2022 00:20:42.268 情報 [main] org.apache.catalina.startup.HostConfig.deployDirectory Webアプリケーションディレクトリ [/Users/kentaro.amenomori/Documents/training/java/webapp/workspace/tomcat/webapps/examples] を配備します
14-Jul-2022 00:20:42.383 情報 [main] org.apache.catalina.startup.HostConfig.deployDirectory ディレクトリ [/Users/kentaro.amenomori/Documents/training/java/webapp/workspace/tomcat/webapps/examples] の Web アプリケーションの配備は [115] ms で完了しました。
14-Jul-2022 00:20:42.383 情報 [main] org.apache.catalina.startup.HostConfig.deployDirectory Webアプリケーションディレクトリ [/Users/kentaro.amenomori/Documents/training/java/webapp/workspace/tomcat/webapps/book] を配備します
14-Jul-2022 00:20:42.395 情報 [main] org.apache.catalina.startup.HostConfig.deployDirectory ディレクトリ [/Users/kentaro.amenomori/Documents/training/java/webapp/workspace/tomcat/webapps/book] の Web アプリケーションの配備は [12] ms で完了しました。
14-Jul-2022 00:20:42.395 情報 [main] org.apache.catalina.startup.HostConfig.deployDirectory Webアプリケーションディレクトリ [/Users/kentaro.amenomori/Documents/training/java/webapp/workspace/tomcat/webapps/ROOT] を配備します
14-Jul-2022 00:20:42.403 情報 [main] org.apache.catalina.startup.HostConfig.deployDirectory ディレクトリ [/Users/kentaro.amenomori/Documents/training/java/webapp/workspace/tomcat/webapps/ROOT] の Web アプリケーションの配備は [7] ms で完了しました。
14-Jul-2022 00:20:42.403 情報 [main] org.apache.catalina.startup.HostConfig.deployDirectory Webアプリケーションディレクトリ [/Users/kentaro.amenomori/Documents/training/java/webapp/workspace/tomcat/webapps/host-manager] を配備します
14-Jul-2022 00:20:42.411 情報 [main] org.apache.catalina.startup.HostConfig.deployDirectory ディレクトリ [/Users/kentaro.amenomori/Documents/training/java/webapp/workspace/tomcat/webapps/host-manager] の Web アプリケーションの配備は [8] ms で完了しました。
14-Jul-2022 00:20:42.412 情報 [main] org.apache.coyote.AbstractProtocol.start プロトコルハンドラー ["http-nio-8080"] を開始しました。
14-Jul-2022 00:20:42.418 情報 [main] org.apache.catalina.startup.Catalina.start サーバーの起動 [319]ms
14-Jul-2022 00:22:24.830 情報 [Thread-2] org.apache.coyote.AbstractProtocol.pause ProtocolHandler ["http-nio-8080"] を一時停止します。
14-Jul-2022 00:22:24.857 情報 [Thread-2] org.apache.catalina.core.StandardService.stopInternal サービス [Catalina] を停止します
14-Jul-2022 00:22:24.877 情報 [Thread-2] org.apache.coyote.AbstractProtocol.stop ProtocolHandler ["http-nio-8080"]の停止中
14-Jul-2022 00:22:24.891 情報 [Thread-2] org.apache.coyote.AbstractProtocol.destroy ProtocolHandler ["http-nio-8080"] を破棄します。
14-Jul-2022 01:08:59.531 情報 [main] org.apache.catalina.startup.VersionLoggerListener.log Serverのバージョン名:     Apache Tomcat/10.0.22
14-Jul-2022 01:08:59.534 情報 [main] org.apache.catalina.startup.VersionLoggerListener.log Server ビルド:            Jun 2 2022 16:53:56 UTC
14-Jul-2022 01:08:59.534 情報 [main] org.apache.catalina.startup.VersionLoggerListener.log サーバーのバージョン番号: 10.0.22.0
14-Jul-2022 01:08:59.534 情報 [main] org.apache.catalina.startup.VersionLoggerListener.log OS 名:                    Mac OS X
14-Jul-2022 01:08:59.534 情報 [main] org.apache.catalina.startup.VersionLoggerListener.log OS バージョン:            12.4
14-Jul-2022 01:08:59.534 情報 [main] org.apache.catalina.startup.VersionLoggerListener.log アーキテクチャ:           aarch64
14-Jul-2022 01:08:59.534 情報 [main] org.apache.catalina.startup.VersionLoggerListener.log Java Home:                /Library/Java/JavaVirtualMachines/temurin-18.jdk/Contents/Home
14-Jul-2022 01:08:59.534 情報 [main] org.apache.catalina.startup.VersionLoggerListener.log JVM バージョン:           18.0.1+10
14-Jul-2022 01:08:59.534 情報 [main] org.apache.catalina.startup.VersionLoggerListener.log JVM ベンダ:               Eclipse Adoptium
14-Jul-2022 01:08:59.534 情報 [main] org.apache.catalina.startup.VersionLoggerListener.log CATALINA_BASE:            /Users/kentaro.amenomori/Documents/training/java/webapp/workspace/tomcat
14-Jul-2022 01:08:59.534 情報 [main] org.apache.catalina.startup.VersionLoggerListener.log CATALINA_HOME:            /Users/kentaro.amenomori/Documents/training/java/webapp/workspace/tomcat
14-Jul-2022 01:08:59.543 情報 [main] org.apache.catalina.startup.VersionLoggerListener.log コマンドライン引数:       --add-opens=java.base/java.lang=ALL-UNNAMED
14-Jul-2022 01:08:59.544 情報 [main] org.apache.catalina.startup.VersionLoggerListener.log コマンドライン引数:       --add-opens=java.base/java.io=ALL-UNNAMED
14-Jul-2022 01:08:59.544 情報 [main] org.apache.catalina.startup.VersionLoggerListener.log コマンドライン引数:       --add-opens=java.base/java.util=ALL-UNNAMED
14-Jul-2022 01:08:59.544 情報 [main] org.apache.catalina.startup.VersionLoggerListener.log コマンドライン引数:       --add-opens=java.base/java.util.concurrent=ALL-UNNAMED
14-Jul-2022 01:08:59.544 情報 [main] org.apache.catalina.startup.VersionLoggerListener.log コマンドライン引数:       --add-opens=java.rmi/sun.rmi.transport=ALL-UNNAMED
14-Jul-2022 01:08:59.544 情報 [main] org.apache.catalina.startup.VersionLoggerListener.log コマンドライン引数:       -Djava.util.logging.config.file=/Users/kentaro.amenomori/Documents/training/java/webapp/workspace/tomcat/conf/logging.properties
14-Jul-2022 01:08:59.544 情報 [main] org.apache.catalina.startup.VersionLoggerListener.log コマンドライン引数:       -Djava.util.logging.manager=org.apache.juli.ClassLoaderLogManager
14-Jul-2022 01:08:59.544 情報 [main] org.apache.catalina.startup.VersionLoggerListener.log コマンドライン引数:       -Djdk.tls.ephemeralDHKeySize=2048
14-Jul-2022 01:08:59.544 情報 [main] org.apache.catalina.startup.VersionLoggerListener.log コマンドライン引数:       -Djava.protocol.handler.pkgs=org.apache.catalina.webresources
14-Jul-2022 01:08:59.544 情報 [main] org.apache.catalina.startup.VersionLoggerListener.log コマンドライン引数:       -Dorg.apache.catalina.security.SecurityListener.UMASK=0027
14-Jul-2022 01:08:59.544 情報 [main] org.apache.catalina.startup.VersionLoggerListener.log コマンドライン引数:       -Dignore.endorsed.dirs=
14-Jul-2022 01:08:59.544 情報 [main] org.apache.catalina.startup.VersionLoggerListener.log コマンドライン引数:       -Dcatalina.base=/Users/kentaro.amenomori/Documents/training/java/webapp/workspace/tomcat
14-Jul-2022 01:08:59.544 情報 [main] org.apache.catalina.startup.VersionLoggerListener.log コマンドライン引数:       -Dcatalina.home=/Users/kentaro.amenomori/Documents/training/java/webapp/workspace/tomcat
14-Jul-2022 01:08:59.544 情報 [main] org.apache.catalina.startup.VersionLoggerListener.log コマンドライン引数:       -Djava.io.tmpdir=/Users/kentaro.amenomori/Documents/training/java/webapp/workspace/tomcat/temp
14-Jul-2022 01:08:59.551 情報 [main] org.apache.catalina.core.AprLifecycleListener.lifecycleEvent 商用環境に最適な性能を発揮する APR ベースの Tomcat ネイティブライブラリが java.library.path [/Users/kentaro.amenomori/Library/Java/Extensions:/Library/Java/Extensions:/Network/Library/Java/Extensions:/System/Library/Java/Extensions:/usr/lib/java:.] に存在しません。
14-Jul-2022 01:08:59.696 情報 [main] org.apache.coyote.AbstractProtocol.init プロトコルハンドラ ["http-nio-8080"] を初期化します。
14-Jul-2022 01:08:59.711 情報 [main] org.apache.catalina.startup.Catalina.load サーバーの初期化 [283]ms
14-Jul-2022 01:08:59.728 情報 [main] org.apache.catalina.core.StandardService.startInternal サービス [Catalina] を起動します
14-Jul-2022 01:08:59.728 情報 [main] org.apache.catalina.core.StandardEngine.startInternal サーブレットエンジンの起動：[Apache Tomcat/10.0.22]
14-Jul-2022 01:08:59.733 情報 [main] org.apache.catalina.startup.HostConfig.deployDirectory Webアプリケーションディレクトリ [/Users/kentaro.amenomori/Documents/training/java/webapp/workspace/tomcat/webapps/docs] を配備します
14-Jul-2022 01:08:59.859 情報 [main] org.apache.catalina.startup.HostConfig.deployDirectory ディレクトリ [/Users/kentaro.amenomori/Documents/training/java/webapp/workspace/tomcat/webapps/docs] の Web アプリケーションの配備は [124] ms で完了しました。
14-Jul-2022 01:08:59.859 情報 [main] org.apache.catalina.startup.HostConfig.deployDirectory Webアプリケーションディレクトリ [/Users/kentaro.amenomori/Documents/training/java/webapp/workspace/tomcat/webapps/manager] を配備します
14-Jul-2022 01:08:59.880 情報 [main] org.apache.catalina.startup.HostConfig.deployDirectory ディレクトリ [/Users/kentaro.amenomori/Documents/training/java/webapp/workspace/tomcat/webapps/manager] の Web アプリケーションの配備は [21] ms で完了しました。
14-Jul-2022 01:08:59.880 情報 [main] org.apache.catalina.startup.HostConfig.deployDirectory Webアプリケーションディレクトリ [/Users/kentaro.amenomori/Documents/training/java/webapp/workspace/tomcat/webapps/examples] を配備します
14-Jul-2022 01:08:59.998 情報 [main] org.apache.catalina.startup.HostConfig.deployDirectory ディレクトリ [/Users/kentaro.amenomori/Documents/training/java/webapp/workspace/tomcat/webapps/examples] の Web アプリケーションの配備は [118] ms で完了しました。
14-Jul-2022 01:08:59.998 情報 [main] org.apache.catalina.startup.HostConfig.deployDirectory Webアプリケーションディレクトリ [/Users/kentaro.amenomori/Documents/training/java/webapp/workspace/tomcat/webapps/book] を配備します
14-Jul-2022 01:09:00.010 情報 [main] org.apache.catalina.startup.HostConfig.deployDirectory ディレクトリ [/Users/kentaro.amenomori/Documents/training/java/webapp/workspace/tomcat/webapps/book] の Web アプリケーションの配備は [12] ms で完了しました。
14-Jul-2022 01:09:00.011 情報 [main] org.apache.catalina.startup.HostConfig.deployDirectory Webアプリケーションディレクトリ [/Users/kentaro.amenomori/Documents/training/java/webapp/workspace/tomcat/webapps/ROOT] を配備します
14-Jul-2022 01:09:00.018 情報 [main] org.apache.catalina.startup.HostConfig.deployDirectory ディレクトリ [/Users/kentaro.amenomori/Documents/training/java/webapp/workspace/tomcat/webapps/ROOT] の Web アプリケーションの配備は [7] ms で完了しました。
14-Jul-2022 01:09:00.018 情報 [main] org.apache.catalina.startup.HostConfig.deployDirectory Webアプリケーションディレクトリ [/Users/kentaro.amenomori/Documents/training/java/webapp/workspace/tomcat/webapps/host-manager] を配備します
14-Jul-2022 01:09:00.028 情報 [main] org.apache.catalina.startup.HostConfig.deployDirectory ディレクトリ [/Users/kentaro.amenomori/Documents/training/java/webapp/workspace/tomcat/webapps/host-manager] の Web アプリケーションの配備は [10] ms で完了しました。
14-Jul-2022 01:09:00.030 情報 [main] org.apache.coyote.AbstractProtocol.start プロトコルハンドラー ["http-nio-8080"] を開始しました。
14-Jul-2022 01:09:00.036 情報 [main] org.apache.catalina.startup.Catalina.start サーバーの起動 [324]ms
14-Jul-2022 02:35:58.163 情報 [Thread-2] org.apache.coyote.AbstractProtocol.pause ProtocolHandler ["http-nio-8080"] を一時停止します。
14-Jul-2022 02:35:59.189 情報 [Thread-2] org.apache.catalina.core.StandardService.stopInternal サービス [Catalina] を停止します
14-Jul-2022 02:35:59.215 情報 [Thread-2] org.apache.coyote.AbstractProtocol.stop ProtocolHandler ["http-nio-8080"]の停止中
14-Jul-2022 02:35:59.220 情報 [Thread-2] org.apache.coyote.AbstractProtocol.destroy ProtocolHandler ["http-nio-8080"] を破棄します。
14-Jul-2022 02:36:04.635 情報 [main] org.apache.catalina.startup.VersionLoggerListener.log Serverのバージョン名:     Apache Tomcat/10.0.22
14-Jul-2022 02:36:04.637 情報 [main] org.apache.catalina.startup.VersionLoggerListener.log Server ビルド:            Jun 2 2022 16:53:56 UTC
14-Jul-2022 02:36:04.637 情報 [main] org.apache.catalina.startup.VersionLoggerListener.log サーバーのバージョン番号: 10.0.22.0
14-Jul-2022 02:36:04.637 情報 [main] org.apache.catalina.startup.VersionLoggerListener.log OS 名:                    Mac OS X
14-Jul-2022 02:36:04.637 情報 [main] org.apache.catalina.startup.VersionLoggerListener.log OS バージョン:            12.4
14-Jul-2022 02:36:04.637 情報 [main] org.apache.catalina.startup.VersionLoggerListener.log アーキテクチャ:           aarch64
14-Jul-2022 02:36:04.637 情報 [main] org.apache.catalina.startup.VersionLoggerListener.log Java Home:                /Library/Java/JavaVirtualMachines/temurin-18.jdk/Contents/Home
14-Jul-2022 02:36:04.638 情報 [main] org.apache.catalina.startup.VersionLoggerListener.log JVM バージョン:           18.0.1+10
14-Jul-2022 02:36:04.638 情報 [main] org.apache.catalina.startup.VersionLoggerListener.log JVM ベンダ:               Eclipse Adoptium
14-Jul-2022 02:36:04.638 情報 [main] org.apache.catalina.startup.VersionLoggerListener.log CATALINA_BASE:            /Users/kentaro.amenomori/Documents/training/java/webapp/workspace/tomcat
14-Jul-2022 02:36:04.638 情報 [main] org.apache.catalina.startup.VersionLoggerListener.log CATALINA_HOME:            /Users/kentaro.amenomori/Documents/training/java/webapp/workspace/tomcat
14-Jul-2022 02:36:04.644 情報 [main] org.apache.catalina.startup.VersionLoggerListener.log コマンドライン引数:       --add-opens=java.base/java.lang=ALL-UNNAMED
14-Jul-2022 02:36:04.644 情報 [main] org.apache.catalina.startup.VersionLoggerListener.log コマンドライン引数:       --add-opens=java.base/java.io=ALL-UNNAMED
14-Jul-2022 02:36:04.644 情報 [main] org.apache.catalina.startup.VersionLoggerListener.log コマンドライン引数:       --add-opens=java.base/java.util=ALL-UNNAMED
14-Jul-2022 02:36:04.644 情報 [main] org.apache.catalina.startup.VersionLoggerListener.log コマンドライン引数:       --add-opens=java.base/java.util.concurrent=ALL-UNNAMED
14-Jul-2022 02:36:04.644 情報 [main] org.apache.catalina.startup.VersionLoggerListener.log コマンドライン引数:       --add-opens=java.rmi/sun.rmi.transport=ALL-UNNAMED
14-Jul-2022 02:36:04.644 情報 [main] org.apache.catalina.startup.VersionLoggerListener.log コマンドライン引数:       -Djava.util.logging.config.file=/Users/kentaro.amenomori/Documents/training/java/webapp/workspace/tomcat/conf/logging.properties
14-Jul-2022 02:36:04.644 情報 [main] org.apache.catalina.startup.VersionLoggerListener.log コマンドライン引数:       -Djava.util.logging.manager=org.apache.juli.ClassLoaderLogManager
14-Jul-2022 02:36:04.644 情報 [main] org.apache.catalina.startup.VersionLoggerListener.log コマンドライン引数:       -Djdk.tls.ephemeralDHKeySize=2048
14-Jul-2022 02:36:04.644 情報 [main] org.apache.catalina.startup.VersionLoggerListener.log コマンドライン引数:       -Djava.protocol.handler.pkgs=org.apache.catalina.webresources
14-Jul-2022 02:36:04.644 情報 [main] org.apache.catalina.startup.VersionLoggerListener.log コマンドライン引数:       -Dorg.apache.catalina.security.SecurityListener.UMASK=0027
14-Jul-2022 02:36:04.645 情報 [main] org.apache.catalina.startup.VersionLoggerListener.log コマンドライン引数:       -Dignore.endorsed.dirs=
14-Jul-2022 02:36:04.645 情報 [main] org.apache.catalina.startup.VersionLoggerListener.log コマンドライン引数:       -Dcatalina.base=/Users/kentaro.amenomori/Documents/training/java/webapp/workspace/tomcat
14-Jul-2022 02:36:04.645 情報 [main] org.apache.catalina.startup.VersionLoggerListener.log コマンドライン引数:       -Dcatalina.home=/Users/kentaro.amenomori/Documents/training/java/webapp/workspace/tomcat
14-Jul-2022 02:36:04.645 情報 [main] org.apache.catalina.startup.VersionLoggerListener.log コマンドライン引数:       -Djava.io.tmpdir=/Users/kentaro.amenomori/Documents/training/java/webapp/workspace/tomcat/temp
14-Jul-2022 02:36:04.651 情報 [main] org.apache.catalina.core.AprLifecycleListener.lifecycleEvent 商用環境に最適な性能を発揮する APR ベースの Tomcat ネイティブライブラリが java.library.path [/Users/kentaro.amenomori/Library/Java/Extensions:/Library/Java/Extensions:/Network/Library/Java/Extensions:/System/Library/Java/Extensions:/usr/lib/java:.] に存在しません。
14-Jul-2022 02:36:04.785 情報 [main] org.apache.coyote.AbstractProtocol.init プロトコルハンドラ ["http-nio-8080"] を初期化します。
14-Jul-2022 02:36:04.798 情報 [main] org.apache.catalina.startup.Catalina.load サーバーの初期化 [241]ms
14-Jul-2022 02:36:04.813 情報 [main] org.apache.catalina.core.StandardService.startInternal サービス [Catalina] を起動します
14-Jul-2022 02:36:04.813 情報 [main] org.apache.catalina.core.StandardEngine.startInternal サーブレットエンジンの起動：[Apache Tomcat/10.0.22]
14-Jul-2022 02:36:04.817 情報 [main] org.apache.catalina.startup.HostConfig.deployDirectory Webアプリケーションディレクトリ [/Users/kentaro.amenomori/Documents/training/java/webapp/workspace/tomcat/webapps/docs] を配備します
14-Jul-2022 02:36:04.924 情報 [main] org.apache.catalina.startup.HostConfig.deployDirectory ディレクトリ [/Users/kentaro.amenomori/Documents/training/java/webapp/workspace/tomcat/webapps/docs] の Web アプリケーションの配備は [106] ms で完了しました。
14-Jul-2022 02:36:04.924 情報 [main] org.apache.catalina.startup.HostConfig.deployDirectory Webアプリケーションディレクトリ [/Users/kentaro.amenomori/Documents/training/java/webapp/workspace/tomcat/webapps/manager] を配備します
14-Jul-2022 02:36:04.945 情報 [main] org.apache.catalina.startup.HostConfig.deployDirectory ディレクトリ [/Users/kentaro.amenomori/Documents/training/java/webapp/workspace/tomcat/webapps/manager] の Web アプリケーションの配備は [21] ms で完了しました。
14-Jul-2022 02:36:04.945 情報 [main] org.apache.catalina.startup.HostConfig.deployDirectory Webアプリケーションディレクトリ [/Users/kentaro.amenomori/Documents/training/java/webapp/workspace/tomcat/webapps/examples] を配備します
14-Jul-2022 02:36:05.062 情報 [main] org.apache.catalina.startup.HostConfig.deployDirectory ディレクトリ [/Users/kentaro.amenomori/Documents/training/java/webapp/workspace/tomcat/webapps/examples] の Web アプリケーションの配備は [117] ms で完了しました。
14-Jul-2022 02:36:05.062 情報 [main] org.apache.catalina.startup.HostConfig.deployDirectory Webアプリケーションディレクトリ [/Users/kentaro.amenomori/Documents/training/java/webapp/workspace/tomcat/webapps/book] を配備します
14-Jul-2022 02:36:05.077 情報 [main] org.apache.catalina.startup.HostConfig.deployDirectory ディレクトリ [/Users/kentaro.amenomori/Documents/training/java/webapp/workspace/tomcat/webapps/book] の Web アプリケーションの配備は [15] ms で完了しました。
14-Jul-2022 02:36:05.077 情報 [main] org.apache.catalina.startup.HostConfig.deployDirectory Webアプリケーションディレクトリ [/Users/kentaro.amenomori/Documents/training/java/webapp/workspace/tomcat/webapps/ROOT] を配備します
14-Jul-2022 02:36:05.084 情報 [main] org.apache.catalina.startup.HostConfig.deployDirectory ディレクトリ [/Users/kentaro.amenomori/Documents/training/java/webapp/workspace/tomcat/webapps/ROOT] の Web アプリケーションの配備は [7] ms で完了しました。
14-Jul-2022 02:36:05.085 情報 [main] org.apache.catalina.startup.HostConfig.deployDirectory Webアプリケーションディレクトリ [/Users/kentaro.amenomori/Documents/training/java/webapp/workspace/tomcat/webapps/host-manager] を配備します
14-Jul-2022 02:36:05.093 情報 [main] org.apache.catalina.startup.HostConfig.deployDirectory ディレクトリ [/Users/kentaro.amenomori/Documents/training/java/webapp/workspace/tomcat/webapps/host-manager] の Web アプリケーションの配備は [8] ms で完了しました。
14-Jul-2022 02:36:05.095 情報 [main] org.apache.coyote.AbstractProtocol.start プロトコルハンドラー ["http-nio-8080"] を開始しました。
14-Jul-2022 02:36:05.100 情報 [main] org.apache.catalina.startup.Catalina.start サーバーの起動 [302]ms
14-Jul-2022 02:54:05.953 情報 [Catalina-utility-2] org.apache.catalina.startup.HostConfig.undeploy コンテキストパス [/book] のWebアプリケーションの配備を解除します
14-Jul-2022 02:54:05.971 情報 [Catalina-utility-2] org.apache.catalina.startup.HostConfig.deployDirectory Webアプリケーションディレクトリ [/Users/kentaro.amenomori/Documents/training/java/webapp/workspace/tomcat/webapps/book] を配備します
14-Jul-2022 02:54:05.982 重大 [Catalina-utility-2] org.apache.tomcat.util.digester.Digester.fatalError 行[1]の列[1]で致命的なエラーを解析します。
	org.xml.sax.SAXParseException; systemId: file:///Users/kentaro.amenomori/Documents/training/java/webapp/workspace/tomcat/webapps/book/META-INF/context.xml; lineNumber: 1; columnNumber: 1; 途中でファイルの末尾に達しました。
		at java.xml/com.sun.org.apache.xerces.internal.util.ErrorHandlerWrapper.createSAXParseException(ErrorHandlerWrapper.java:204)
		at java.xml/com.sun.org.apache.xerces.internal.util.ErrorHandlerWrapper.fatalError(ErrorHandlerWrapper.java:178)
		at java.xml/com.sun.org.apache.xerces.internal.impl.XMLErrorReporter.reportError(XMLErrorReporter.java:400)
		at java.xml/com.sun.org.apache.xerces.internal.impl.XMLErrorReporter.reportError(XMLErrorReporter.java:327)
		at java.xml/com.sun.org.apache.xerces.internal.impl.XMLScanner.reportFatalError(XMLScanner.java:1465)
		at java.xml/com.sun.org.apache.xerces.internal.impl.XMLDocumentScannerImpl$PrologDriver.next(XMLDocumentScannerImpl.java:1013)
		at java.xml/com.sun.org.apache.xerces.internal.impl.XMLDocumentScannerImpl.next(XMLDocumentScannerImpl.java:605)
		at java.xml/com.sun.org.apache.xerces.internal.impl.XMLDocumentFragmentScannerImpl.scanDocument(XMLDocumentFragmentScannerImpl.java:542)
		at java.xml/com.sun.org.apache.xerces.internal.parsers.XML11Configuration.parse(XML11Configuration.java:889)
		at java.xml/com.sun.org.apache.xerces.internal.parsers.XML11Configuration.parse(XML11Configuration.java:825)
		at java.xml/com.sun.org.apache.xerces.internal.parsers.XMLParser.parse(XMLParser.java:141)
		at java.xml/com.sun.org.apache.xerces.internal.parsers.AbstractSAXParser.parse(AbstractSAXParser.java:1224)
		at java.xml/com.sun.org.apache.xerces.internal.jaxp.SAXParserImpl$JAXPSAXParser.parse(SAXParserImpl.java:637)
		at org.apache.tomcat.util.digester.Digester.parse(Digester.java:1506)
		at org.apache.catalina.startup.HostConfig.deployDirectory(HostConfig.java:1148)
		at org.apache.catalina.startup.HostConfig$DeployDirectory.run(HostConfig.java:2023)
		at java.base/java.util.concurrent.Executors$RunnableAdapter.call(Executors.java:539)
		at java.base/java.util.concurrent.FutureTask.run(FutureTask.java:264)
		at org.apache.tomcat.util.threads.InlineExecutorService.execute(InlineExecutorService.java:75)
		at java.base/java.util.concurrent.AbstractExecutorService.submit(AbstractExecutorService.java:123)
		at org.apache.catalina.startup.HostConfig.deployDirectories(HostConfig.java:1098)
		at org.apache.catalina.startup.HostConfig.deployApps(HostConfig.java:480)
		at org.apache.catalina.startup.HostConfig.check(HostConfig.java:1757)
		at org.apache.catalina.startup.HostConfig.lifecycleEvent(HostConfig.java:316)
		at org.apache.catalina.util.LifecycleBase.fireLifecycleEvent(LifecycleBase.java:123)
		at org.apache.catalina.core.ContainerBase.backgroundProcess(ContainerBase.java:1162)
		at org.apache.catalina.core.ContainerBase$ContainerBackgroundProcessor.processChildren(ContainerBase.java:1365)
		at org.apache.catalina.core.ContainerBase$ContainerBackgroundProcessor.processChildren(ContainerBase.java:1369)
		at org.apache.catalina.core.ContainerBase$ContainerBackgroundProcessor.run(ContainerBase.java:1347)
		at java.base/java.util.concurrent.Executors$RunnableAdapter.call(Executors.java:539)
		at java.base/java.util.concurrent.FutureTask.runAndReset(FutureTask.java:305)
		at java.base/java.util.concurrent.ScheduledThreadPoolExecutor$ScheduledFutureTask.run(ScheduledThreadPoolExecutor.java:305)
		at java.base/java.util.concurrent.ThreadPoolExecutor.runWorker(ThreadPoolExecutor.java:1136)
		at java.base/java.util.concurrent.ThreadPoolExecutor$Worker.run(ThreadPoolExecutor.java:635)
		at org.apache.tomcat.util.threads.TaskThread$WrappingRunnable.run(TaskThread.java:61)
		at java.base/java.lang.Thread.run(Thread.java:833)
14-Jul-2022 02:54:05.983 重大 [Catalina-utility-2] org.apache.catalina.startup.HostConfig.deployDirectory 配備記述子 [/Users/kentaro.amenomori/Documents/training/java/webapp/workspace/tomcat/webapps/book/META-INF/context.xml] を配備中のエラーです
	org.xml.sax.SAXParseException; systemId: file:///Users/kentaro.amenomori/Documents/training/java/webapp/workspace/tomcat/webapps/book/META-INF/context.xml; lineNumber: 1; columnNumber: 1; 途中でファイルの末尾に達しました。
		at java.xml/com.sun.org.apache.xerces.internal.parsers.AbstractSAXParser.parse(AbstractSAXParser.java:1251)
		at java.xml/com.sun.org.apache.xerces.internal.jaxp.SAXParserImpl$JAXPSAXParser.parse(SAXParserImpl.java:637)
		at org.apache.tomcat.util.digester.Digester.parse(Digester.java:1506)
		at org.apache.catalina.startup.HostConfig.deployDirectory(HostConfig.java:1148)
		at org.apache.catalina.startup.HostConfig$DeployDirectory.run(HostConfig.java:2023)
		at java.base/java.util.concurrent.Executors$RunnableAdapter.call(Executors.java:539)
		at java.base/java.util.concurrent.FutureTask.run(FutureTask.java:264)
		at org.apache.tomcat.util.threads.InlineExecutorService.execute(InlineExecutorService.java:75)
		at java.base/java.util.concurrent.AbstractExecutorService.submit(AbstractExecutorService.java:123)
		at org.apache.catalina.startup.HostConfig.deployDirectories(HostConfig.java:1098)
		at org.apache.catalina.startup.HostConfig.deployApps(HostConfig.java:480)
		at org.apache.catalina.startup.HostConfig.check(HostConfig.java:1757)
		at org.apache.catalina.startup.HostConfig.lifecycleEvent(HostConfig.java:316)
		at org.apache.catalina.util.LifecycleBase.fireLifecycleEvent(LifecycleBase.java:123)
		at org.apache.catalina.core.ContainerBase.backgroundProcess(ContainerBase.java:1162)
		at org.apache.catalina.core.ContainerBase$ContainerBackgroundProcessor.processChildren(ContainerBase.java:1365)
		at org.apache.catalina.core.ContainerBase$ContainerBackgroundProcessor.processChildren(ContainerBase.java:1369)
		at org.apache.catalina.core.ContainerBase$ContainerBackgroundProcessor.run(ContainerBase.java:1347)
		at java.base/java.util.concurrent.Executors$RunnableAdapter.call(Executors.java:539)
		at java.base/java.util.concurrent.FutureTask.runAndReset(FutureTask.java:305)
		at java.base/java.util.concurrent.ScheduledThreadPoolExecutor$ScheduledFutureTask.run(ScheduledThreadPoolExecutor.java:305)
		at java.base/java.util.concurrent.ThreadPoolExecutor.runWorker(ThreadPoolExecutor.java:1136)
		at java.base/java.util.concurrent.ThreadPoolExecutor$Worker.run(ThreadPoolExecutor.java:635)
		at org.apache.tomcat.util.threads.TaskThread$WrappingRunnable.run(TaskThread.java:61)
		at java.base/java.lang.Thread.run(Thread.java:833)
14-Jul-2022 02:54:05.988 重大 [Catalina-utility-2] org.apache.tomcat.util.digester.Digester.fatalError 行[1]の列[1]で致命的なエラーを解析します。
	org.xml.sax.SAXParseException; systemId: file:/Users/kentaro.amenomori/Documents/training/java/webapp/workspace/tomcat/webapps/book/META-INF/context.xml; lineNumber: 1; columnNumber: 1; 途中でファイルの末尾に達しました。
		at java.xml/com.sun.org.apache.xerces.internal.util.ErrorHandlerWrapper.createSAXParseException(ErrorHandlerWrapper.java:204)
		at java.xml/com.sun.org.apache.xerces.internal.util.ErrorHandlerWrapper.fatalError(ErrorHandlerWrapper.java:178)
		at java.xml/com.sun.org.apache.xerces.internal.impl.XMLErrorReporter.reportError(XMLErrorReporter.java:400)
		at java.xml/com.sun.org.apache.xerces.internal.impl.XMLErrorReporter.reportError(XMLErrorReporter.java:327)
		at java.xml/com.sun.org.apache.xerces.internal.impl.XMLScanner.reportFatalError(XMLScanner.java:1465)
		at java.xml/com.sun.org.apache.xerces.internal.impl.XMLDocumentScannerImpl$PrologDriver.next(XMLDocumentScannerImpl.java:1013)
		at java.xml/com.sun.org.apache.xerces.internal.impl.XMLDocumentScannerImpl.next(XMLDocumentScannerImpl.java:605)
		at java.xml/com.sun.org.apache.xerces.internal.impl.XMLDocumentFragmentScannerImpl.scanDocument(XMLDocumentFragmentScannerImpl.java:542)
		at java.xml/com.sun.org.apache.xerces.internal.parsers.XML11Configuration.parse(XML11Configuration.java:889)
		at java.xml/com.sun.org.apache.xerces.internal.parsers.XML11Configuration.parse(XML11Configuration.java:825)
		at java.xml/com.sun.org.apache.xerces.internal.parsers.XMLParser.parse(XMLParser.java:141)
		at java.xml/com.sun.org.apache.xerces.internal.parsers.AbstractSAXParser.parse(AbstractSAXParser.java:1224)
		at java.xml/com.sun.org.apache.xerces.internal.jaxp.SAXParserImpl$JAXPSAXParser.parse(SAXParserImpl.java:637)
		at org.apache.tomcat.util.digester.Digester.parse(Digester.java:1522)
		at org.apache.catalina.startup.ContextConfig.processContextConfig(ContextConfig.java:735)
		at org.apache.catalina.startup.ContextConfig.contextConfig(ContextConfig.java:679)
		at org.apache.catalina.startup.ContextConfig.init(ContextConfig.java:949)
		at org.apache.catalina.startup.ContextConfig.lifecycleEvent(ContextConfig.java:314)
		at org.apache.catalina.util.LifecycleBase.fireLifecycleEvent(LifecycleBase.java:123)
		at org.apache.catalina.util.LifecycleBase.setStateInternal(LifecycleBase.java:423)
		at org.apache.catalina.util.LifecycleBase.init(LifecycleBase.java:137)
		at org.apache.catalina.util.LifecycleBase.start(LifecycleBase.java:173)
		at org.apache.catalina.core.ContainerBase.addChildInternal(ContainerBase.java:726)
		at org.apache.catalina.core.ContainerBase.addChild(ContainerBase.java:698)
		at org.apache.catalina.core.StandardHost.addChild(StandardHost.java:747)
		at org.apache.catalina.startup.HostConfig.deployDirectory(HostConfig.java:1188)
		at org.apache.catalina.startup.HostConfig$DeployDirectory.run(HostConfig.java:2023)
		at java.base/java.util.concurrent.Executors$RunnableAdapter.call(Executors.java:539)
		at java.base/java.util.concurrent.FutureTask.run(FutureTask.java:264)
		at org.apache.tomcat.util.threads.InlineExecutorService.execute(InlineExecutorService.java:75)
		at java.base/java.util.concurrent.AbstractExecutorService.submit(AbstractExecutorService.java:123)
		at org.apache.catalina.startup.HostConfig.deployDirectories(HostConfig.java:1098)
		at org.apache.catalina.startup.HostConfig.deployApps(HostConfig.java:480)
		at org.apache.catalina.startup.HostConfig.check(HostConfig.java:1757)
		at org.apache.catalina.startup.HostConfig.lifecycleEvent(HostConfig.java:316)
		at org.apache.catalina.util.LifecycleBase.fireLifecycleEvent(LifecycleBase.java:123)
		at org.apache.catalina.core.ContainerBase.backgroundProcess(ContainerBase.java:1162)
		at org.apache.catalina.core.ContainerBase$ContainerBackgroundProcessor.processChildren(ContainerBase.java:1365)
		at org.apache.catalina.core.ContainerBase$ContainerBackgroundProcessor.processChildren(ContainerBase.java:1369)
		at org.apache.catalina.core.ContainerBase$ContainerBackgroundProcessor.run(ContainerBase.java:1347)
		at java.base/java.util.concurrent.Executors$RunnableAdapter.call(Executors.java:539)
		at java.base/java.util.concurrent.FutureTask.runAndReset(FutureTask.java:305)
		at java.base/java.util.concurrent.ScheduledThreadPoolExecutor$ScheduledFutureTask.run(ScheduledThreadPoolExecutor.java:305)
		at java.base/java.util.concurrent.ThreadPoolExecutor.runWorker(ThreadPoolExecutor.java:1136)
		at java.base/java.util.concurrent.ThreadPoolExecutor$Worker.run(ThreadPoolExecutor.java:635)
		at org.apache.tomcat.util.threads.TaskThread$WrappingRunnable.run(TaskThread.java:61)
		at java.base/java.lang.Thread.run(Thread.java:833)
14-Jul-2022 02:54:05.989 重大 [Catalina-utility-2] org.apache.catalina.startup.ContextConfig.processContextConfig [/book]のcontext.xmlの解析エラー
	org.xml.sax.SAXParseException; systemId: file:/Users/kentaro.amenomori/Documents/training/java/webapp/workspace/tomcat/webapps/book/META-INF/context.xml; lineNumber: 1; columnNumber: 1; 途中でファイルの末尾に達しました。
		at java.xml/com.sun.org.apache.xerces.internal.util.ErrorHandlerWrapper.createSAXParseException(ErrorHandlerWrapper.java:204)
		at java.xml/com.sun.org.apache.xerces.internal.util.ErrorHandlerWrapper.fatalError(ErrorHandlerWrapper.java:178)
		at java.xml/com.sun.org.apache.xerces.internal.impl.XMLErrorReporter.reportError(XMLErrorReporter.java:400)
		at java.xml/com.sun.org.apache.xerces.internal.impl.XMLErrorReporter.reportError(XMLErrorReporter.java:327)
		at java.xml/com.sun.org.apache.xerces.internal.impl.XMLScanner.reportFatalError(XMLScanner.java:1465)
		at java.xml/com.sun.org.apache.xerces.internal.impl.XMLDocumentScannerImpl$PrologDriver.next(XMLDocumentScannerImpl.java:1013)
		at java.xml/com.sun.org.apache.xerces.internal.impl.XMLDocumentScannerImpl.next(XMLDocumentScannerImpl.java:605)
		at java.xml/com.sun.org.apache.xerces.internal.impl.XMLDocumentFragmentScannerImpl.scanDocument(XMLDocumentFragmentScannerImpl.java:542)
		at java.xml/com.sun.org.apache.xerces.internal.parsers.XML11Configuration.parse(XML11Configuration.java:889)
		at java.xml/com.sun.org.apache.xerces.internal.parsers.XML11Configuration.parse(XML11Configuration.java:825)
		at java.xml/com.sun.org.apache.xerces.internal.parsers.XMLParser.parse(XMLParser.java:141)
		at java.xml/com.sun.org.apache.xerces.internal.parsers.AbstractSAXParser.parse(AbstractSAXParser.java:1224)
		at java.xml/com.sun.org.apache.xerces.internal.jaxp.SAXParserImpl$JAXPSAXParser.parse(SAXParserImpl.java:637)
		at org.apache.tomcat.util.digester.Digester.parse(Digester.java:1522)
		at org.apache.catalina.startup.ContextConfig.processContextConfig(ContextConfig.java:735)
		at org.apache.catalina.startup.ContextConfig.contextConfig(ContextConfig.java:679)
		at org.apache.catalina.startup.ContextConfig.init(ContextConfig.java:949)
		at org.apache.catalina.startup.ContextConfig.lifecycleEvent(ContextConfig.java:314)
		at org.apache.catalina.util.LifecycleBase.fireLifecycleEvent(LifecycleBase.java:123)
		at org.apache.catalina.util.LifecycleBase.setStateInternal(LifecycleBase.java:423)
		at org.apache.catalina.util.LifecycleBase.init(LifecycleBase.java:137)
		at org.apache.catalina.util.LifecycleBase.start(LifecycleBase.java:173)
		at org.apache.catalina.core.ContainerBase.addChildInternal(ContainerBase.java:726)
		at org.apache.catalina.core.ContainerBase.addChild(ContainerBase.java:698)
		at org.apache.catalina.core.StandardHost.addChild(StandardHost.java:747)
		at org.apache.catalina.startup.HostConfig.deployDirectory(HostConfig.java:1188)
		at org.apache.catalina.startup.HostConfig$DeployDirectory.run(HostConfig.java:2023)
		at java.base/java.util.concurrent.Executors$RunnableAdapter.call(Executors.java:539)
		at java.base/java.util.concurrent.FutureTask.run(FutureTask.java:264)
		at org.apache.tomcat.util.threads.InlineExecutorService.execute(InlineExecutorService.java:75)
		at java.base/java.util.concurrent.AbstractExecutorService.submit(AbstractExecutorService.java:123)
		at org.apache.catalina.startup.HostConfig.deployDirectories(HostConfig.java:1098)
		at org.apache.catalina.startup.HostConfig.deployApps(HostConfig.java:480)
		at org.apache.catalina.startup.HostConfig.check(HostConfig.java:1757)
		at org.apache.catalina.startup.HostConfig.lifecycleEvent(HostConfig.java:316)
		at org.apache.catalina.util.LifecycleBase.fireLifecycleEvent(LifecycleBase.java:123)
		at org.apache.catalina.core.ContainerBase.backgroundProcess(ContainerBase.java:1162)
		at org.apache.catalina.core.ContainerBase$ContainerBackgroundProcessor.processChildren(ContainerBase.java:1365)
		at org.apache.catalina.core.ContainerBase$ContainerBackgroundProcessor.processChildren(ContainerBase.java:1369)
		at org.apache.catalina.core.ContainerBase$ContainerBackgroundProcessor.run(ContainerBase.java:1347)
		at java.base/java.util.concurrent.Executors$RunnableAdapter.call(Executors.java:539)
		at java.base/java.util.concurrent.FutureTask.runAndReset(FutureTask.java:305)
		at java.base/java.util.concurrent.ScheduledThreadPoolExecutor$ScheduledFutureTask.run(ScheduledThreadPoolExecutor.java:305)
		at java.base/java.util.concurrent.ThreadPoolExecutor.runWorker(ThreadPoolExecutor.java:1136)
		at java.base/java.util.concurrent.ThreadPoolExecutor$Worker.run(ThreadPoolExecutor.java:635)
		at org.apache.tomcat.util.threads.TaskThread$WrappingRunnable.run(TaskThread.java:61)
		at java.base/java.lang.Thread.run(Thread.java:833)
14-Jul-2022 02:54:05.990 重大 [Catalina-utility-2] org.apache.catalina.startup.ContextConfig.processContextConfig [1] 行の [1] 列目で発生しました
14-Jul-2022 02:54:05.990 重大 [Catalina-utility-2] org.apache.catalina.startup.HostConfig.deployDirectory Webアプリケーションディレクトリ [/Users/kentaro.amenomori/Documents/training/java/webapp/workspace/tomcat/webapps/book] を配備中のエラー
	java.lang.IllegalStateException: 子要素を開始できません。
		at org.apache.catalina.core.ContainerBase.addChildInternal(ContainerBase.java:729)
		at org.apache.catalina.core.ContainerBase.addChild(ContainerBase.java:698)
		at org.apache.catalina.core.StandardHost.addChild(StandardHost.java:747)
		at org.apache.catalina.startup.HostConfig.deployDirectory(HostConfig.java:1188)
		at org.apache.catalina.startup.HostConfig$DeployDirectory.run(HostConfig.java:2023)
		at java.base/java.util.concurrent.Executors$RunnableAdapter.call(Executors.java:539)
		at java.base/java.util.concurrent.FutureTask.run(FutureTask.java:264)
		at org.apache.tomcat.util.threads.InlineExecutorService.execute(InlineExecutorService.java:75)
		at java.base/java.util.concurrent.AbstractExecutorService.submit(AbstractExecutorService.java:123)
		at org.apache.catalina.startup.HostConfig.deployDirectories(HostConfig.java:1098)
		at org.apache.catalina.startup.HostConfig.deployApps(HostConfig.java:480)
		at org.apache.catalina.startup.HostConfig.check(HostConfig.java:1757)
		at org.apache.catalina.startup.HostConfig.lifecycleEvent(HostConfig.java:316)
		at org.apache.catalina.util.LifecycleBase.fireLifecycleEvent(LifecycleBase.java:123)
		at org.apache.catalina.core.ContainerBase.backgroundProcess(ContainerBase.java:1162)
		at org.apache.catalina.core.ContainerBase$ContainerBackgroundProcessor.processChildren(ContainerBase.java:1365)
		at org.apache.catalina.core.ContainerBase$ContainerBackgroundProcessor.processChildren(ContainerBase.java:1369)
		at org.apache.catalina.core.ContainerBase$ContainerBackgroundProcessor.run(ContainerBase.java:1347)
		at java.base/java.util.concurrent.Executors$RunnableAdapter.call(Executors.java:539)
		at java.base/java.util.concurrent.FutureTask.runAndReset(FutureTask.java:305)
		at java.base/java.util.concurrent.ScheduledThreadPoolExecutor$ScheduledFutureTask.run(ScheduledThreadPoolExecutor.java:305)
		at java.base/java.util.concurrent.ThreadPoolExecutor.runWorker(ThreadPoolExecutor.java:1136)
		at java.base/java.util.concurrent.ThreadPoolExecutor$Worker.run(ThreadPoolExecutor.java:635)
		at org.apache.tomcat.util.threads.TaskThread$WrappingRunnable.run(TaskThread.java:61)
		at java.base/java.lang.Thread.run(Thread.java:833)
	Caused by: org.apache.catalina.LifecycleException: グローバル、ホスト単位またはコンテキスト固有のcontext.xmlファイルの処理に失敗しました。したがって、コンテキスト [/book] を開始できません。
		at org.apache.catalina.startup.FailedContext.startInternal(FailedContext.java:200)
		at org.apache.catalina.util.LifecycleBase.start(LifecycleBase.java:183)
		at org.apache.catalina.core.ContainerBase.addChildInternal(ContainerBase.java:726)
		... 24 more
14-Jul-2022 02:54:05.991 情報 [Catalina-utility-2] org.apache.catalina.startup.HostConfig.deployDirectory ディレクトリ [/Users/kentaro.amenomori/Documents/training/java/webapp/workspace/tomcat/webapps/book] の Web アプリケーションの配備は [20] ms で完了しました。
14-Jul-2022 02:54:36.014 情報 [Catalina-utility-2] org.apache.catalina.startup.HostConfig.undeploy コンテキストパス [/book] のWebアプリケーションの配備を解除します
14-Jul-2022 02:54:36.016 情報 [Catalina-utility-2] org.apache.catalina.startup.HostConfig.deployDirectory Webアプリケーションディレクトリ [/Users/kentaro.amenomori/Documents/training/java/webapp/workspace/tomcat/webapps/book] を配備します
14-Jul-2022 02:54:36.038 情報 [Catalina-utility-2] org.apache.catalina.startup.HostConfig.deployDirectory ディレクトリ [/Users/kentaro.amenomori/Documents/training/java/webapp/workspace/tomcat/webapps/book] の Web アプリケーションの配備は [22] ms で完了しました。
14-Jul-2022 02:54:57.716 情報 [Thread-2] org.apache.coyote.AbstractProtocol.pause ProtocolHandler ["http-nio-8080"] を一時停止します。
14-Jul-2022 02:54:57.742 情報 [Thread-2] org.apache.catalina.core.StandardService.stopInternal サービス [Catalina] を停止します
14-Jul-2022 02:54:57.752 情報 [Thread-2] org.apache.coyote.AbstractProtocol.stop ProtocolHandler ["http-nio-8080"]の停止中
14-Jul-2022 02:54:57.763 情報 [Thread-2] org.apache.coyote.AbstractProtocol.destroy ProtocolHandler ["http-nio-8080"] を破棄します。
14-Jul-2022 02:55:11.708 情報 [main] org.apache.catalina.startup.VersionLoggerListener.log Serverのバージョン名:     Apache Tomcat/10.0.22
14-Jul-2022 02:55:11.710 情報 [main] org.apache.catalina.startup.VersionLoggerListener.log Server ビルド:            Jun 2 2022 16:53:56 UTC
14-Jul-2022 02:55:11.710 情報 [main] org.apache.catalina.startup.VersionLoggerListener.log サーバーのバージョン番号: 10.0.22.0
14-Jul-2022 02:55:11.710 情報 [main] org.apache.catalina.startup.VersionLoggerListener.log OS 名:                    Mac OS X
14-Jul-2022 02:55:11.710 情報 [main] org.apache.catalina.startup.VersionLoggerListener.log OS バージョン:            12.4
14-Jul-2022 02:55:11.710 情報 [main] org.apache.catalina.startup.VersionLoggerListener.log アーキテクチャ:           aarch64
14-Jul-2022 02:55:11.710 情報 [main] org.apache.catalina.startup.VersionLoggerListener.log Java Home:                /Library/Java/JavaVirtualMachines/temurin-18.jdk/Contents/Home
14-Jul-2022 02:55:11.710 情報 [main] org.apache.catalina.startup.VersionLoggerListener.log JVM バージョン:           18.0.1+10
14-Jul-2022 02:55:11.710 情報 [main] org.apache.catalina.startup.VersionLoggerListener.log JVM ベンダ:               Eclipse Adoptium
14-Jul-2022 02:55:11.710 情報 [main] org.apache.catalina.startup.VersionLoggerListener.log CATALINA_BASE:            /Users/kentaro.amenomori/Documents/training/java/webapp/workspace/tomcat
14-Jul-2022 02:55:11.710 情報 [main] org.apache.catalina.startup.VersionLoggerListener.log CATALINA_HOME:            /Users/kentaro.amenomori/Documents/training/java/webapp/workspace/tomcat
14-Jul-2022 02:55:11.716 情報 [main] org.apache.catalina.startup.VersionLoggerListener.log コマンドライン引数:       --add-opens=java.base/java.lang=ALL-UNNAMED
14-Jul-2022 02:55:11.716 情報 [main] org.apache.catalina.startup.VersionLoggerListener.log コマンドライン引数:       --add-opens=java.base/java.io=ALL-UNNAMED
14-Jul-2022 02:55:11.716 情報 [main] org.apache.catalina.startup.VersionLoggerListener.log コマンドライン引数:       --add-opens=java.base/java.util=ALL-UNNAMED
14-Jul-2022 02:55:11.716 情報 [main] org.apache.catalina.startup.VersionLoggerListener.log コマンドライン引数:       --add-opens=java.base/java.util.concurrent=ALL-UNNAMED
14-Jul-2022 02:55:11.716 情報 [main] org.apache.catalina.startup.VersionLoggerListener.log コマンドライン引数:       --add-opens=java.rmi/sun.rmi.transport=ALL-UNNAMED
14-Jul-2022 02:55:11.716 情報 [main] org.apache.catalina.startup.VersionLoggerListener.log コマンドライン引数:       -Djava.util.logging.config.file=/Users/kentaro.amenomori/Documents/training/java/webapp/workspace/tomcat/conf/logging.properties
14-Jul-2022 02:55:11.716 情報 [main] org.apache.catalina.startup.VersionLoggerListener.log コマンドライン引数:       -Djava.util.logging.manager=org.apache.juli.ClassLoaderLogManager
14-Jul-2022 02:55:11.716 情報 [main] org.apache.catalina.startup.VersionLoggerListener.log コマンドライン引数:       -Djdk.tls.ephemeralDHKeySize=2048
14-Jul-2022 02:55:11.717 情報 [main] org.apache.catalina.startup.VersionLoggerListener.log コマンドライン引数:       -Djava.protocol.handler.pkgs=org.apache.catalina.webresources
14-Jul-2022 02:55:11.717 情報 [main] org.apache.catalina.startup.VersionLoggerListener.log コマンドライン引数:       -Dorg.apache.catalina.security.SecurityListener.UMASK=0027
14-Jul-2022 02:55:11.717 情報 [main] org.apache.catalina.startup.VersionLoggerListener.log コマンドライン引数:       -Dignore.endorsed.dirs=
14-Jul-2022 02:55:11.717 情報 [main] org.apache.catalina.startup.VersionLoggerListener.log コマンドライン引数:       -Dcatalina.base=/Users/kentaro.amenomori/Documents/training/java/webapp/workspace/tomcat
14-Jul-2022 02:55:11.717 情報 [main] org.apache.catalina.startup.VersionLoggerListener.log コマンドライン引数:       -Dcatalina.home=/Users/kentaro.amenomori/Documents/training/java/webapp/workspace/tomcat
14-Jul-2022 02:55:11.717 情報 [main] org.apache.catalina.startup.VersionLoggerListener.log コマンドライン引数:       -Djava.io.tmpdir=/Users/kentaro.amenomori/Documents/training/java/webapp/workspace/tomcat/temp
14-Jul-2022 02:55:11.724 情報 [main] org.apache.catalina.core.AprLifecycleListener.lifecycleEvent 商用環境に最適な性能を発揮する APR ベースの Tomcat ネイティブライブラリが java.library.path [/Users/kentaro.amenomori/Library/Java/Extensions:/Library/Java/Extensions:/Network/Library/Java/Extensions:/System/Library/Java/Extensions:/usr/lib/java:.] に存在しません。
14-Jul-2022 02:55:11.858 情報 [main] org.apache.coyote.AbstractProtocol.init プロトコルハンドラ ["http-nio-8080"] を初期化します。
14-Jul-2022 02:55:11.868 情報 [main] org.apache.catalina.startup.Catalina.load サーバーの初期化 [239]ms
14-Jul-2022 02:55:11.883 情報 [main] org.apache.catalina.core.StandardService.startInternal サービス [Catalina] を起動します
14-Jul-2022 02:55:11.883 情報 [main] org.apache.catalina.core.StandardEngine.startInternal サーブレットエンジンの起動：[Apache Tomcat/10.0.22]
14-Jul-2022 02:55:11.886 情報 [main] org.apache.catalina.startup.HostConfig.deployDirectory Webアプリケーションディレクトリ [/Users/kentaro.amenomori/Documents/training/java/webapp/workspace/tomcat/webapps/docs] を配備します
14-Jul-2022 02:55:11.993 情報 [main] org.apache.catalina.startup.HostConfig.deployDirectory ディレクトリ [/Users/kentaro.amenomori/Documents/training/java/webapp/workspace/tomcat/webapps/docs] の Web アプリケーションの配備は [106] ms で完了しました。
14-Jul-2022 02:55:11.993 情報 [main] org.apache.catalina.startup.HostConfig.deployDirectory Webアプリケーションディレクトリ [/Users/kentaro.amenomori/Documents/training/java/webapp/workspace/tomcat/webapps/manager] を配備します
14-Jul-2022 02:55:12.014 情報 [main] org.apache.catalina.startup.HostConfig.deployDirectory ディレクトリ [/Users/kentaro.amenomori/Documents/training/java/webapp/workspace/tomcat/webapps/manager] の Web アプリケーションの配備は [20] ms で完了しました。
14-Jul-2022 02:55:12.014 情報 [main] org.apache.catalina.startup.HostConfig.deployDirectory Webアプリケーションディレクトリ [/Users/kentaro.amenomori/Documents/training/java/webapp/workspace/tomcat/webapps/examples] を配備します
14-Jul-2022 02:55:12.122 情報 [main] org.apache.catalina.startup.HostConfig.deployDirectory ディレクトリ [/Users/kentaro.amenomori/Documents/training/java/webapp/workspace/tomcat/webapps/examples] の Web アプリケーションの配備は [108] ms で完了しました。
14-Jul-2022 02:55:12.123 情報 [main] org.apache.catalina.startup.HostConfig.deployDirectory Webアプリケーションディレクトリ [/Users/kentaro.amenomori/Documents/training/java/webapp/workspace/tomcat/webapps/book] を配備します
14-Jul-2022 02:55:12.138 情報 [main] org.apache.catalina.startup.HostConfig.deployDirectory ディレクトリ [/Users/kentaro.amenomori/Documents/training/java/webapp/workspace/tomcat/webapps/book] の Web アプリケーションの配備は [16] ms で完了しました。
14-Jul-2022 02:55:12.138 情報 [main] org.apache.catalina.startup.HostConfig.deployDirectory Webアプリケーションディレクトリ [/Users/kentaro.amenomori/Documents/training/java/webapp/workspace/tomcat/webapps/ROOT] を配備します
14-Jul-2022 02:55:12.145 情報 [main] org.apache.catalina.startup.HostConfig.deployDirectory ディレクトリ [/Users/kentaro.amenomori/Documents/training/java/webapp/workspace/tomcat/webapps/ROOT] の Web アプリケーションの配備は [7] ms で完了しました。
14-Jul-2022 02:55:12.145 情報 [main] org.apache.catalina.startup.HostConfig.deployDirectory Webアプリケーションディレクトリ [/Users/kentaro.amenomori/Documents/training/java/webapp/workspace/tomcat/webapps/host-manager] を配備します
14-Jul-2022 02:55:12.154 情報 [main] org.apache.catalina.startup.HostConfig.deployDirectory ディレクトリ [/Users/kentaro.amenomori/Documents/training/java/webapp/workspace/tomcat/webapps/host-manager] の Web アプリケーションの配備は [9] ms で完了しました。
14-Jul-2022 02:55:12.156 情報 [main] org.apache.coyote.AbstractProtocol.start プロトコルハンドラー ["http-nio-8080"] を開始しました。
14-Jul-2022 02:55:12.161 情報 [main] org.apache.catalina.startup.Catalina.start サーバーの起動 [292]ms
14-Jul-2022 02:56:12.207 情報 [Catalina-utility-1] org.apache.catalina.core.StandardContext.reload このコンテキストの再ロードを開始しました
14-Jul-2022 02:56:12.251 情報 [Catalina-utility-1] org.apache.catalina.core.StandardContext.reload このコンテキストの再ロードが完了しました
