14-Jul-2022 00:01:36.336 情報 [main] org.apache.catalina.core.ApplicationContext.log SessionListener: contextDestroyed()
14-Jul-2022 00:01:36.336 情報 [main] org.apache.catalina.core.ApplicationContext.log ContextListener: contextDestroyed()
14-Jul-2022 00:03:25.201 情報 [main] org.apache.catalina.core.ApplicationContext.log ContextListener: contextInitialized()
14-Jul-2022 00:03:25.201 情報 [main] org.apache.catalina.core.ApplicationContext.log SessionListener: contextInitialized()
14-Jul-2022 00:03:25.202 情報 [main] org.apache.catalina.core.ApplicationContext.log ContextListener: attributeAdded('StockTicker', 'async.Stockticker@7a34b7b8')
14-Jul-2022 00:03:32.694 情報 [main] org.apache.catalina.core.ApplicationContext.log SessionListener: contextDestroyed()
14-Jul-2022 00:03:32.694 情報 [main] org.apache.catalina.core.ApplicationContext.log ContextListener: contextDestroyed()
14-Jul-2022 00:20:42.380 情報 [main] org.apache.catalina.core.ApplicationContext.log ContextListener: contextInitialized()
14-Jul-2022 00:20:42.380 情報 [main] org.apache.catalina.core.ApplicationContext.log SessionListener: contextInitialized()
14-Jul-2022 00:20:42.380 情報 [main] org.apache.catalina.core.ApplicationContext.log ContextListener: attributeAdded('StockTicker', 'async.Stockticker@26f143ed')
14-Jul-2022 00:22:24.870 情報 [Thread-2] org.apache.catalina.core.ApplicationContext.log SessionListener: contextDestroyed()
14-Jul-2022 00:22:24.870 情報 [Thread-2] org.apache.catalina.core.ApplicationContext.log ContextListener: contextDestroyed()
14-Jul-2022 01:08:59.995 情報 [main] org.apache.catalina.core.ApplicationContext.log ContextListener: contextInitialized()
14-Jul-2022 01:08:59.995 情報 [main] org.apache.catalina.core.ApplicationContext.log SessionListener: contextInitialized()
14-Jul-2022 01:08:59.996 情報 [main] org.apache.catalina.core.ApplicationContext.log ContextListener: attributeAdded('StockTicker', 'async.Stockticker@3e792ce3')
14-Jul-2022 02:35:59.206 情報 [Thread-2] org.apache.catalina.core.ApplicationContext.log SessionListener: contextDestroyed()
14-Jul-2022 02:35:59.206 情報 [Thread-2] org.apache.catalina.core.ApplicationContext.log ContextListener: contextDestroyed()
14-Jul-2022 02:36:05.059 情報 [main] org.apache.catalina.core.ApplicationContext.log ContextListener: contextInitialized()
14-Jul-2022 02:36:05.059 情報 [main] org.apache.catalina.core.ApplicationContext.log SessionListener: contextInitialized()
14-Jul-2022 02:36:05.060 情報 [main] org.apache.catalina.core.ApplicationContext.log ContextListener: attributeAdded('StockTicker', 'async.Stockticker@58cd06cb')
14-Jul-2022 02:54:57.745 情報 [Thread-2] org.apache.catalina.core.ApplicationContext.log SessionListener: contextDestroyed()
14-Jul-2022 02:54:57.745 情報 [Thread-2] org.apache.catalina.core.ApplicationContext.log ContextListener: contextDestroyed()
14-Jul-2022 02:55:12.120 情報 [main] org.apache.catalina.core.ApplicationContext.log ContextListener: contextInitialized()
14-Jul-2022 02:55:12.120 情報 [main] org.apache.catalina.core.ApplicationContext.log SessionListener: contextInitialized()
14-Jul-2022 02:55:12.120 情報 [main] org.apache.catalina.core.ApplicationContext.log ContextListener: attributeAdded('StockTicker', 'async.Stockticker@7dd712e8')
